[ 2014-08-07 11:24:45.5985 9479/7f95981a9780 agents/Watchdog/Main.cpp:538 ]: Options: { 'analytics_log_user' => 'nhanvd', 'cleanup_pidfiles' => 'L3RtcC9wYXNzZW5nZXItc3RhbmRhbG9uZS4xNjJneWhxL3RlbXBfZGlyX3RvdWNoZXIucGlk', 'default_group' => 'nhanvd', 'default_python' => 'python', 'default_ruby' => '/home/nhanvd/.rbenv/versions/2.1.2/bin/ruby', 'default_user' => 'nhanvd', 'log_level' => '0', 'max_pool_size' => '6', 'passenger_root' => '/tmp/passenger-standalone.162gyhq/locations.ini', 'passenger_version' => '4.0.44', 'pool_idle_time' => '300', 'prestart_urls' => 'aHR0cDovLzAuMC4wLjA6MzAwMAA=', 'temp_dir' => '/tmp', 'union_station_gateway_address' => 'gateway.unionstationapp.com', 'union_station_gateway_port' => '443', 'user_switching' => 'false', 'web_server_passenger_version' => '4.0.44', 'web_server_pid' => '9478', 'web_server_type' => 'nginx', 'web_server_worker_gid' => '-1', 'web_server_worker_uid' => '-1' }
[ 2014-08-07 11:24:45.6846 9482/7f95a0995780 agents/HelperAgent/Main.cpp:649 ]: PassengerHelperAgent online, listening at unix:/tmp/passenger.1.0.9478/generation-0/request
[ 2014-08-07 11:24:45.7776 9489/7f18f2337780 agents/LoggingAgent/Main.cpp:321 ]: PassengerLoggingAgent online, listening at unix:/tmp/passenger.1.0.9478/generation-0/logging
[ 2014-08-07 11:24:45.7778 9479/7f95981a9780 agents/Watchdog/Main.cpp:728 ]: All Phusion Passenger agents started!
App 9516 stdout: 
App 9516 stderr: /home/nhanvd/.rbenv/versions/2.1.2/lib/ruby/gems/2.1.0/gems/passenger-4.0.44/lib/phusion_passenger/config/system_metrics_command.rb:31:in `exec'
App 9516 stderr: : No such file or directory - /home/nhanvd/.rbenv/versions/2.1.2/lib/ruby/gems/2.1.0/gems/passenger-4.0.44/buildout/agents/PassengerHelperAgent (Errno::ENOENT)
App 9516 stderr: 	from /home/nhanvd/.rbenv/versions/2.1.2/lib/ruby/gems/2.1.0/gems/passenger-4.0.44/lib/phusion_passenger/config/system_metrics_command.rb:31:in `run'
App 9516 stderr: 	from /home/nhanvd/.rbenv/versions/2.1.2/lib/ruby/gems/2.1.0/gems/passenger-4.0.44/lib/phusion_passenger/config/main.rb:65:in `run!'
App 9516 stderr: 	from /home/nhanvd/.rbenv/versions/2.1.2/lib/ruby/gems/2.1.0/gems/passenger-4.0.44/bin/passenger-config:37:in `<main>'
[ 2014-08-07 11:24:49.4601 9482/7f95a08af700 Pool2/SmartSpawner.h:297 ]: Preloader for /home/nhanvd/workspace/MuongCamXuc started on PID 9516, listening on unix:/tmp/passenger.1.0.9478/generation-0/backends/preloader.9516
App 9532 stdout: 
App 9797 stdout: 
App 10581 stdout: 
App 10581 stderr: /home/nhanvd/.rbenv/versions/2.1.2/lib/ruby/gems/2.1.0/gems/passenger-4.0.44/lib/phusion_passenger/config/system_metrics_command.rb:31:in `exec'
App 10581 stderr: : 
App 10581 stderr: No such file or directory - /home/nhanvd/.rbenv/versions/2.1.2/lib/ruby/gems/2.1.0/gems/passenger-4.0.44/buildout/agents/PassengerHelperAgent
App 10581 stderr:  (
App 10581 stderr: Errno::ENOENT
App 10581 stderr: )
App 10581 stderr: 	from /home/nhanvd/.rbenv/versions/2.1.2/lib/ruby/gems/2.1.0/gems/passenger-4.0.44/lib/phusion_passenger/config/system_metrics_command.rb:31:in `run'
App 10581 stderr: 	from /home/nhanvd/.rbenv/versions/2.1.2/lib/ruby/gems/2.1.0/gems/passenger-4.0.44/lib/phusion_passenger/config/main.rb:65:in `run!'
App 10581 stderr: 	from /home/nhanvd/.rbenv/versions/2.1.2/lib/ruby/gems/2.1.0/gems/passenger-4.0.44/bin/passenger-config:37:in `<main>'
[ 2014-08-07 11:39:15.3124 9482/7f95a08f0700 Pool2/SmartSpawner.h:297 ]: Preloader for /home/nhanvd/workspace/MuongCamXuc started on PID 10581, listening on unix:/tmp/passenger.1.0.9478/generation-0/backends/preloader.10581
App 10599 stdout: 
[ 2014-08-07 11:39:51.8674 10659/7f5f2c8bb780 agents/Watchdog/Main.cpp:538 ]: Options: { 'analytics_log_user' => 'nhanvd', 'cleanup_pidfiles' => 'L3RtcC9wYXNzZW5nZXItc3RhbmRhbG9uZS4xYjdsNDNxL3RlbXBfZGlyX3RvdWNoZXIucGlk', 'default_group' => 'nhanvd', 'default_python' => 'python', 'default_ruby' => '/home/nhanvd/.rbenv/versions/2.1.2/bin/ruby', 'default_user' => 'nhanvd', 'log_level' => '0', 'max_pool_size' => '6', 'passenger_root' => '/tmp/passenger-standalone.1b7l43q/locations.ini', 'passenger_version' => '4.0.44', 'pool_idle_time' => '300', 'prestart_urls' => 'aHR0cDovLzAuMC4wLjA6MzAwMAA=', 'temp_dir' => '/tmp', 'union_station_gateway_address' => 'gateway.unionstationapp.com', 'union_station_gateway_port' => '443', 'user_switching' => 'false', 'web_server_passenger_version' => '4.0.44', 'web_server_pid' => '10658', 'web_server_type' => 'nginx', 'web_server_worker_gid' => '-1', 'web_server_worker_uid' => '-1' }
[ 2014-08-07 11:39:51.8728 10662/7f38c6a09780 agents/HelperAgent/Main.cpp:649 ]: PassengerHelperAgent online, listening at unix:/tmp/passenger.1.0.10658/generation-0/request
[ 2014-08-07 11:39:51.8792 10668/7f841e455780 agents/LoggingAgent/Main.cpp:321 ]: PassengerLoggingAgent online, listening at unix:/tmp/passenger.1.0.10658/generation-0/logging
[ 2014-08-07 11:39:51.8794 10659/7f5f2c8bb780 agents/Watchdog/Main.cpp:728 ]: All Phusion Passenger agents started!
App 10696 stdout: 
App 10696 stderr: /home/nhanvd/.rbenv/versions/2.1.2/lib/ruby/gems/2.1.0/gems/passenger-4.0.44/lib/phusion_passenger/config/system_metrics_command.rb:31:in `exec'
App 10696 stderr: : No such file or directory - /home/nhanvd/.rbenv/versions/2.1.2/lib/ruby/gems/2.1.0/gems/passenger-4.0.44/buildout/agents/PassengerHelperAgent (Errno::ENOENT)
App 10696 stderr: 	from /home/nhanvd/.rbenv/versions/2.1.2/lib/ruby/gems/2.1.0/gems/passenger-4.0.44/lib/phusion_passenger/config/system_metrics_command.rb:31:in `run'
App 10696 stderr: 	from /home/nhanvd/.rbenv/versions/2.1.2/lib/ruby/gems/2.1.0/gems/passenger-4.0.44/lib/phusion_passenger/config/main.rb:65:in `run!'
App 10696 stderr: 	from /home/nhanvd/.rbenv/versions/2.1.2/lib/ruby/gems/2.1.0/gems/passenger-4.0.44/bin/passenger-config:37:in `<main>'
[ 2014-08-07 11:39:55.4534 10662/7f38c6923700 Pool2/SmartSpawner.h:297 ]: Preloader for /home/nhanvd/workspace/MuongCamXuc started on PID 10696, listening on unix:/tmp/passenger.1.0.10658/generation-0/backends/preloader.10696
App 10714 stdout: 
App 10722 stdout: 
App 10772 stdout: 
App 10779 stdout: 
App 10970 stdout: 
App 10980 stdout: 
App 14329 stdout: 
App 14329 stderr: /home/nhanvd/.rbenv/versions/2.1.2/lib/ruby/gems/2.1.0/gems/passenger-4.0.44/lib/phusion_passenger/config/system_metrics_command.rb:31:in `exec': No such file or directory - /home/nhanvd/.rbenv/versions/2.1.2/lib/ruby/gems/2.1.0/gems/passenger-4.0.44/buildout/agents/PassengerHelperAgent (Errno::ENOENT)
App 14329 stderr: 	from /home/nhanvd/.rbenv/versions/2.1.2/lib/ruby/gems/2.1.0/gems/passenger-4.0.44/lib/phusion_passenger/config/system_metrics_command.rb:31:in `run'
App 14329 stderr: 	from /home/nhanvd/.rbenv/versions/2.1.2/lib/ruby/gems/2.1.0/gems/passenger-4.0.44/lib/phusion_passenger/config/main.rb:65:in `run!'
App 14329 stderr: 	from /home/nhanvd/.rbenv/versions/2.1.2/lib/ruby/gems/2.1.0/gems/passenger-4.0.44/bin/passenger-config:37:in `<main>'
[ 2014-08-07 13:24:22.3609 10662/7f38c6964700 Pool2/SmartSpawner.h:297 ]: Preloader for /home/nhanvd/workspace/MuongCamXuc started on PID 14329, listening on unix:/tmp/passenger.1.0.10658/generation-0/backends/preloader.14329
App 14348 stdout: 
App 14367 stdout: 
App 14459 stdout: 
App 14511 stdout: 
App 14534 stdout: 
App 14876 stdout: 
App 14876 stderr: /home/nhanvd/.rbenv/versions/2.1.2/lib/ruby/gems/2.1.0/gems/passenger-4.0.44/lib/phusion_passenger/config/system_metrics_command.rb:31:in `exec'
App 14876 stderr: : No such file or directory - /home/nhanvd/.rbenv/versions/2.1.2/lib/ruby/gems/2.1.0/gems/passenger-4.0.44/buildout/agents/PassengerHelperAgent (Errno::ENOENT)
App 14876 stderr: 	from /home/nhanvd/.rbenv/versions/2.1.2/lib/ruby/gems/2.1.0/gems/passenger-4.0.44/lib/phusion_passenger/config/system_metrics_command.rb:31:in `run'
App 14876 stderr: 	from /home/nhanvd/.rbenv/versions/2.1.2/lib/ruby/gems/2.1.0/gems/passenger-4.0.44/lib/phusion_passenger/config/main.rb:65:in `run!'
App 14876 stderr: 	from /home/nhanvd/.rbenv/versions/2.1.2/lib/ruby/gems/2.1.0/gems/passenger-4.0.44/bin/passenger-config:37:in `<main>'
[ 2014-08-07 13:34:50.4501 10662/7f38c40c9700 Pool2/SmartSpawner.h:297 ]: Preloader for /home/nhanvd/workspace/MuongCamXuc started on PID 14876, listening on unix:/tmp/passenger.1.0.10658/generation-0/backends/preloader.14876
App 14894 stdout: 
App 14936 stdout: 
App 14983 stdout: 
App 15000 stdout: 
App 15010 stdout: 
[ 2014-08-19 11:27:37.7348 4978/7f104c3aa780 agents/Watchdog/Main.cpp:538 ]: Options: { 'analytics_log_user' => 'nhanvd', 'cleanup_pidfiles' => 'L3RtcC9wYXNzZW5nZXItc3RhbmRhbG9uZS5kZm9peGEvdGVtcF9kaXJfdG91Y2hlci5waWQ=', 'default_group' => 'nhanvd', 'default_python' => 'python', 'default_ruby' => '/home/nhanvd/.rbenv/versions/2.1.2/bin/ruby', 'default_user' => 'nhanvd', 'log_level' => '0', 'max_pool_size' => '6', 'passenger_root' => '/tmp/passenger-standalone.dfoixa/locations.ini', 'passenger_version' => '4.0.48', 'pool_idle_time' => '300', 'prestart_urls' => 'aHR0cDovLzAuMC4wLjA6MzAwMAA=', 'temp_dir' => '/tmp', 'union_station_gateway_address' => 'gateway.unionstationapp.com', 'union_station_gateway_port' => '443', 'user_switching' => 'false', 'web_server_passenger_version' => '4.0.48', 'web_server_pid' => '4977', 'web_server_type' => 'nginx', 'web_server_worker_gid' => '-1', 'web_server_worker_uid' => '-1' }
[ 2014-08-19 11:27:37.7737 4981/7f724e95c780 agents/HelperAgent/Main.cpp:649 ]: PassengerHelperAgent online, listening at unix:/tmp/passenger.1.0.4977/generation-0/request
[ 2014-08-19 11:27:37.7802 4988/7f794a49d780 agents/LoggingAgent/Main.cpp:321 ]: PassengerLoggingAgent online, listening at unix:/tmp/passenger.1.0.4977/generation-0/logging
[ 2014-08-19 11:27:37.7804 4978/7f104c3aa780 agents/Watchdog/Main.cpp:728 ]: All Phusion Passenger agents started!
App 5015 stdout: 
[ 2014-08-19 11:27:44.2260 4981/7f724e876700 Pool2/SmartSpawner.h:298 ]: Preloader for /home/nhanvd/workspace/MuongCamXuc started on PID 5015, listening on unix:/tmp/passenger.1.0.4977/generation-0/backends/preloader.5015
App 5031 stdout: 
[ 2014-08-19 11:27:44.8618 4981/7f724e876700 Pool2/Implementation.cpp:284 ]: Could not spawn process for application /home/nhanvd/workspace/MuongCamXuc: An error occured while starting the web application.
  Error ID: 84428452
  Error details saved to: /tmp/passenger-error-iiF4Qq.html
  Message from application: Specified 'sqlite3' for database adapter, but the gem is not loaded. Add `gem 'sqlite3'` to your Gemfile (and ensure its version is at the minimum required by ActiveRecord). (Gem::LoadError)
  /home/nhanvd/.rbenv/versions/2.1.2/lib/ruby/gems/2.1.0/gems/activerecord-4.1.1/lib/active_record/connection_adapters/connection_specification.rb:190:in `rescue in spec'
  /home/nhanvd/.rbenv/versions/2.1.2/lib/ruby/gems/2.1.0/gems/activerecord-4.1.1/lib/active_record/connection_adapters/connection_specification.rb:187:in `spec'
  /home/nhanvd/.rbenv/versions/2.1.2/lib/ruby/gems/2.1.0/gems/activerecord-4.1.1/lib/active_record/connection_handling.rb:50:in `establish_connection'
  /home/nhanvd/.rbenv/versions/2.1.2/lib/ruby/gems/2.1.0/gems/activerecord-4.1.1/lib/active_record/railtie.rb:129:in `block (2 levels) in <class:Railtie>'
  /home/nhanvd/.rbenv/versions/2.1.2/lib/ruby/gems/2.1.0/gems/activesupport-4.1.1/lib/active_support/lazy_load_hooks.rb:38:in `instance_eval'
  /home/nhanvd/.rbenv/versions/2.1.2/lib/ruby/gems/2.1.0/gems/activesupport-4.1.1/lib/active_support/lazy_load_hooks.rb:38:in `execute_hook'
  /home/nhanvd/.rbenv/versions/2.1.2/lib/ruby/gems/2.1.0/gems/activesupport-4.1.1/lib/active_support/lazy_load_hooks.rb:45:in `block in run_load_hooks'
  /home/nhanvd/.rbenv/versions/2.1.2/lib/ruby/gems/2.1.0/gems/activesupport-4.1.1/lib/active_support/lazy_load_hooks.rb:44:in `each'
  /home/nhanvd/.rbenv/versions/2.1.2/lib/ruby/gems/2.1.0/gems/activesupport-4.1.1/lib/active_support/lazy_load_hooks.rb:44:in `run_load_hooks'
  /home/nhanvd/.rbenv/versions/2.1.2/lib/ruby/gems/2.1.0/gems/activerecord-4.1.1/lib/active_record/base.rb:326:in `<module:ActiveRecord>'
  /home/nhanvd/.rbenv/versions/2.1.2/lib/ruby/gems/2.1.0/gems/activerecord-4.1.1/lib/active_record/base.rb:23:in `<top (required)>'
  /home/nhanvd/.rbenv/versions/2.1.2/lib/ruby/gems/2.1.0/gems/passenger-4.0.48/lib/phusion_passenger/loader_shared_helpers.rb:337:in `before_handling_requests'
  /home/nhanvd/.rbenv/versions/2.1.2/lib/ruby/gems/2.1.0/gems/passenger-4.0.48/helper-scripts/rack-preloader.rb:136:in `negotiate_spawn_command'
  /home/nhanvd/.rbenv/versions/2.1.2/lib/ruby/gems/2.1.0/gems/passenger-4.0.48/helper-scripts/rack-preloader.rb:160:in `<module:App>'
  /home/nhanvd/.rbenv/versions/2.1.2/lib/ruby/gems/2.1.0/gems/passenger-4.0.48/helper-scripts/rack-preloader.rb:29:in `<module:PhusionPassenger>'
  /home/nhanvd/.rbenv/versions/2.1.2/lib/ruby/gems/2.1.0/gems/passenger-4.0.48/helper-scripts/rack-preloader.rb:28:in `<main>'


[ 2014-08-19 11:27:44.8622 4981/7f723ffff700 agents/HelperAgent/RequestHandler.h:2305 ]: [Client 20] Cannot checkout session because a spawning error occurred. The identifier of the error is . Please see earlier logs for details about the error.
